2023/10/24 08:20:25 [notice] 1#1: using the "epoll" event method
2023/10/24 08:20:25 [notice] 1#1: nginx/1.25.2
2023/10/24 08:20:25 [notice] 1#1: built by gcc 12.2.1 20220924 (Alpine 12.2.1_git20220924-r10) 
2023/10/24 08:20:25 [notice] 1#1: OS: Linux 6.2.0-34-generic
2023/10/24 08:20:25 [notice] 1#1: getrlimit(RLIMIT_NOFILE): 1048576:1048576
2023/10/24 08:20:25 [notice] 1#1: start worker processes
2023/10/24 08:20:25 [notice] 1#1: start worker process 20
2023/10/24 08:20:25 [notice] 1#1: start worker process 21
2023/10/24 08:20:25 [notice] 1#1: start worker process 22
2023/10/24 08:20:25 [notice] 1#1: start worker process 23
2023/10/24 08:20:25 [notice] 1#1: start worker process 24
2023/10/24 08:20:25 [notice] 1#1: start worker process 25
2023/10/24 08:20:25 [notice] 1#1: start worker process 26
2023/10/24 08:20:25 [notice] 1#1: start worker process 27
2023/10/24 08:20:25 [notice] 1#1: start worker process 28
2023/10/24 08:20:25 [notice] 1#1: start worker process 29
2023/10/24 08:20:25 [notice] 1#1: start worker process 30
2023/10/24 08:20:25 [notice] 1#1: start worker process 31
2023/10/24 08:21:49 [notice] 1#1: signal 3 (SIGQUIT) received, shutting down
2023/10/24 08:21:49 [notice] 20#20: gracefully shutting down
2023/10/24 08:21:49 [notice] 23#23: gracefully shutting down
2023/10/24 08:21:49 [notice] 22#22: gracefully shutting down
2023/10/24 08:21:49 [notice] 21#21: gracefully shutting down
2023/10/24 08:21:49 [notice] 24#24: gracefully shutting down
2023/10/24 08:21:49 [notice] 25#25: gracefully shutting down
2023/10/24 08:21:49 [notice] 20#20: exiting
2023/10/24 08:21:49 [notice] 23#23: exiting
2023/10/24 08:21:49 [notice] 29#29: gracefully shutting down
2023/10/24 08:21:49 [notice] 28#28: gracefully shutting down
2023/10/24 08:21:49 [notice] 30#30: gracefully shutting down
2023/10/24 08:21:49 [notice] 26#26: gracefully shutting down
2023/10/24 08:21:49 [notice] 22#22: exiting
2023/10/24 08:21:49 [notice] 21#21: exiting
2023/10/24 08:21:49 [notice] 24#24: exiting
2023/10/24 08:21:49 [notice] 25#25: exiting
2023/10/24 08:21:49 [notice] 29#29: exiting
2023/10/24 08:21:49 [notice] 28#28: exiting
2023/10/24 08:21:49 [notice] 30#30: exiting
2023/10/24 08:21:49 [notice] 26#26: exiting
2023/10/24 08:21:49 [notice] 23#23: exit
2023/10/24 08:21:49 [notice] 20#20: exit
2023/10/24 08:21:49 [notice] 29#29: exit
2023/10/24 08:21:49 [notice] 30#30: exit
2023/10/24 08:21:49 [notice] 22#22: exit
2023/10/24 08:21:49 [notice] 24#24: exit
2023/10/24 08:21:49 [notice] 25#25: exit
2023/10/24 08:21:49 [notice] 28#28: exit
2023/10/24 08:21:49 [notice] 21#21: exit
2023/10/24 08:21:49 [notice] 26#26: exit
2023/10/24 08:21:49 [notice] 27#27: gracefully shutting down
2023/10/24 08:21:49 [notice] 27#27: exiting
2023/10/24 08:21:49 [notice] 31#31: gracefully shutting down
2023/10/24 08:21:49 [notice] 31#31: exiting
2023/10/24 08:21:49 [notice] 27#27: exit
2023/10/24 08:21:49 [notice] 31#31: exit
2023/10/24 08:21:49 [notice] 1#1: signal 17 (SIGCHLD) received from 24
2023/10/24 08:21:49 [notice] 1#1: worker process 24 exited with code 0
2023/10/24 08:21:49 [notice] 1#1: worker process 25 exited with code 0
2023/10/24 08:21:49 [notice] 1#1: signal 29 (SIGIO) received
2023/10/24 08:21:49 [notice] 1#1: signal 17 (SIGCHLD) received from 30
2023/10/24 08:21:49 [notice] 1#1: worker process 20 exited with code 0
2023/10/24 08:21:49 [notice] 1#1: worker process 22 exited with code 0
2023/10/24 08:21:49 [notice] 1#1: worker process 23 exited with code 0
2023/10/24 08:21:49 [notice] 1#1: worker process 26 exited with code 0
2023/10/24 08:21:49 [notice] 1#1: worker process 30 exited with code 0
2023/10/24 08:21:49 [notice] 1#1: worker process 31 exited with code 0
2023/10/24 08:21:49 [notice] 1#1: signal 29 (SIGIO) received
2023/10/24 08:21:49 [notice] 1#1: signal 17 (SIGCHLD) received from 22
2023/10/24 08:21:49 [notice] 1#1: signal 17 (SIGCHLD) received from 27
2023/10/24 08:21:49 [notice] 1#1: worker process 27 exited with code 0
2023/10/24 08:21:49 [notice] 1#1: signal 29 (SIGIO) received
2023/10/24 08:21:49 [notice] 1#1: signal 17 (SIGCHLD) received from 28
2023/10/24 08:21:49 [notice] 1#1: worker process 28 exited with code 0
2023/10/24 08:21:49 [notice] 1#1: signal 29 (SIGIO) received
2023/10/24 08:21:49 [notice] 1#1: signal 17 (SIGCHLD) received from 21
2023/10/24 08:21:49 [notice] 1#1: worker process 21 exited with code 0
2023/10/24 08:21:49 [notice] 1#1: signal 29 (SIGIO) received
2023/10/24 08:21:49 [notice] 1#1: signal 17 (SIGCHLD) received from 29
2023/10/24 08:21:49 [notice] 1#1: worker process 29 exited with code 0
2023/10/24 08:21:49 [notice] 1#1: exit
2023/10/24 08:21:49 [notice] 1#1: using the "epoll" event method
2023/10/24 08:21:49 [notice] 1#1: nginx/1.25.2
2023/10/24 08:21:49 [notice] 1#1: built by gcc 12.2.1 20220924 (Alpine 12.2.1_git20220924-r10) 
2023/10/24 08:21:49 [notice] 1#1: OS: Linux 6.2.0-34-generic
2023/10/24 08:21:49 [notice] 1#1: getrlimit(RLIMIT_NOFILE): 1048576:1048576
2023/10/24 08:21:49 [notice] 1#1: start worker processes
2023/10/24 08:21:49 [notice] 1#1: start worker process 20
2023/10/24 08:21:49 [notice] 1#1: start worker process 21
2023/10/24 08:21:49 [notice] 1#1: start worker process 22
2023/10/24 08:21:49 [notice] 1#1: start worker process 23
2023/10/24 08:21:49 [notice] 1#1: start worker process 24
2023/10/24 08:21:49 [notice] 1#1: start worker process 25
2023/10/24 08:21:49 [notice] 1#1: start worker process 26
2023/10/24 08:21:49 [notice] 1#1: start worker process 27
2023/10/24 08:21:49 [notice] 1#1: start worker process 28
2023/10/24 08:21:49 [notice] 1#1: start worker process 29
2023/10/24 08:21:49 [notice] 1#1: start worker process 30
2023/10/24 08:21:49 [notice] 1#1: start worker process 31
2023/10/24 08:31:57 [notice] 1#1: signal 3 (SIGQUIT) received, shutting down
2023/10/24 08:31:57 [notice] 21#21: gracefully shutting down
2023/10/24 08:31:57 [notice] 24#24: gracefully shutting down
2023/10/24 08:31:57 [notice] 20#20: gracefully shutting down
2023/10/24 08:31:57 [notice] 22#22: gracefully shutting down
2023/10/24 08:31:57 [notice] 23#23: gracefully shutting down
2023/10/24 08:31:57 [notice] 25#25: gracefully shutting down
2023/10/24 08:31:57 [notice] 26#26: gracefully shutting down
2023/10/24 08:31:57 [notice] 27#27: gracefully shutting down
2023/10/24 08:31:57 [notice] 21#21: exiting
2023/10/24 08:31:57 [notice] 24#24: exiting
2023/10/24 08:31:57 [notice] 20#20: exiting
2023/10/24 08:31:57 [notice] 22#22: exiting
2023/10/24 08:31:57 [notice] 28#28: gracefully shutting down
2023/10/24 08:31:57 [notice] 23#23: exiting
2023/10/24 08:31:57 [notice] 25#25: exiting
2023/10/24 08:31:57 [notice] 26#26: exiting
2023/10/24 08:31:57 [notice] 27#27: exiting
2023/10/24 08:31:57 [notice] 28#28: exiting
2023/10/24 08:31:57 [notice] 29#29: gracefully shutting down
2023/10/24 08:31:57 [notice] 29#29: exiting
2023/10/24 08:31:57 [notice] 24#24: exit
2023/10/24 08:31:57 [notice] 20#20: exit
2023/10/24 08:31:57 [notice] 21#21: exit
2023/10/24 08:31:57 [notice] 27#27: exit
2023/10/24 08:31:57 [notice] 25#25: exit
2023/10/24 08:31:57 [notice] 22#22: exit
2023/10/24 08:31:57 [notice] 23#23: exit
2023/10/24 08:31:57 [notice] 26#26: exit
2023/10/24 08:31:57 [notice] 29#29: exit
2023/10/24 08:31:57 [notice] 28#28: exit
2023/10/24 08:31:57 [notice] 30#30: gracefully shutting down
2023/10/24 08:31:57 [notice] 30#30: exiting
2023/10/24 08:31:57 [notice] 31#31: gracefully shutting down
2023/10/24 08:31:57 [notice] 31#31: exiting
2023/10/24 08:31:57 [notice] 30#30: exit
2023/10/24 08:31:57 [notice] 31#31: exit
2023/10/24 08:31:57 [notice] 1#1: signal 17 (SIGCHLD) received from 27
2023/10/24 08:31:57 [notice] 1#1: worker process 23 exited with code 0
2023/10/24 08:31:57 [notice] 1#1: worker process 26 exited with code 0
2023/10/24 08:31:57 [notice] 1#1: worker process 27 exited with code 0
2023/10/24 08:31:57 [notice] 1#1: signal 29 (SIGIO) received
2023/10/24 08:31:57 [notice] 1#1: signal 17 (SIGCHLD) received from 28
2023/10/24 08:31:57 [notice] 1#1: worker process 28 exited with code 0
2023/10/24 08:31:57 [notice] 1#1: signal 29 (SIGIO) received
2023/10/24 08:31:57 [notice] 1#1: signal 17 (SIGCHLD) received from 25
2023/10/24 08:31:57 [notice] 1#1: worker process 25 exited with code 0
2023/10/24 08:31:57 [notice] 1#1: signal 29 (SIGIO) received
2023/10/24 08:31:57 [notice] 1#1: signal 17 (SIGCHLD) received from 24
2023/10/24 08:31:57 [notice] 1#1: worker process 24 exited with code 0
2023/10/24 08:31:57 [notice] 1#1: signal 29 (SIGIO) received
2023/10/24 08:31:57 [notice] 1#1: signal 17 (SIGCHLD) received from 22
2023/10/24 08:31:57 [notice] 1#1: worker process 22 exited with code 0
2023/10/24 08:31:57 [notice] 1#1: signal 29 (SIGIO) received
2023/10/24 08:31:57 [notice] 1#1: signal 17 (SIGCHLD) received from 30
2023/10/24 08:31:57 [notice] 1#1: worker process 30 exited with code 0
2023/10/24 08:31:57 [notice] 1#1: worker process 20 exited with code 0
2023/10/24 08:31:57 [notice] 1#1: worker process 31 exited with code 0
2023/10/24 08:31:57 [notice] 1#1: signal 29 (SIGIO) received
2023/10/24 08:31:57 [notice] 1#1: signal 17 (SIGCHLD) received from 20
2023/10/24 08:31:57 [notice] 1#1: signal 17 (SIGCHLD) received from 29
2023/10/24 08:31:57 [notice] 1#1: worker process 29 exited with code 0
2023/10/24 08:31:57 [notice] 1#1: signal 29 (SIGIO) received
2023/10/24 08:31:57 [notice] 1#1: signal 17 (SIGCHLD) received from 21
2023/10/24 08:31:57 [notice] 1#1: worker process 21 exited with code 0
2023/10/24 08:31:57 [notice] 1#1: exit
2023/10/24 08:31:57 [notice] 1#1: using the "epoll" event method
2023/10/24 08:31:57 [notice] 1#1: nginx/1.25.2
2023/10/24 08:31:57 [notice] 1#1: built by gcc 12.2.1 20220924 (Alpine 12.2.1_git20220924-r10) 
2023/10/24 08:31:57 [notice] 1#1: OS: Linux 6.2.0-34-generic
2023/10/24 08:31:57 [notice] 1#1: getrlimit(RLIMIT_NOFILE): 1048576:1048576
2023/10/24 08:31:57 [notice] 1#1: start worker processes
2023/10/24 08:31:57 [notice] 1#1: start worker process 20
2023/10/24 08:31:57 [notice] 1#1: start worker process 21
2023/10/24 08:31:57 [notice] 1#1: start worker process 22
2023/10/24 08:31:57 [notice] 1#1: start worker process 23
2023/10/24 08:31:57 [notice] 1#1: start worker process 24
2023/10/24 08:31:57 [notice] 1#1: start worker process 25
2023/10/24 08:31:57 [notice] 1#1: start worker process 26
2023/10/24 08:31:57 [notice] 1#1: start worker process 27
2023/10/24 08:31:57 [notice] 1#1: start worker process 28
2023/10/24 08:31:57 [notice] 1#1: start worker process 29
2023/10/24 08:31:57 [notice] 1#1: start worker process 30
2023/10/24 08:31:57 [notice] 1#1: start worker process 31
2023/10/24 08:33:33 [notice] 1#1: signal 3 (SIGQUIT) received, shutting down
2023/10/24 08:33:33 [notice] 22#22: gracefully shutting down
2023/10/24 08:33:33 [notice] 20#20: gracefully shutting down
2023/10/24 08:33:33 [notice] 24#24: gracefully shutting down
2023/10/24 08:33:33 [notice] 21#21: gracefully shutting down
2023/10/24 08:33:33 [notice] 27#27: gracefully shutting down
2023/10/24 08:33:33 [notice] 29#29: gracefully shutting down
2023/10/24 08:33:33 [notice] 22#22: exiting
2023/10/24 08:33:33 [notice] 20#20: exiting
2023/10/24 08:33:33 [notice] 24#24: exiting
2023/10/24 08:33:33 [notice] 21#21: exiting
2023/10/24 08:33:33 [notice] 23#23: gracefully shutting down
2023/10/24 08:33:33 [notice] 27#27: exiting
2023/10/24 08:33:33 [notice] 29#29: exiting
2023/10/24 08:33:33 [notice] 23#23: exiting
2023/10/24 08:33:33 [notice] 22#22: exit
2023/10/24 08:33:33 [notice] 20#20: exit
2023/10/24 08:33:33 [notice] 24#24: exit
2023/10/24 08:33:33 [notice] 21#21: exit
2023/10/24 08:33:33 [notice] 27#27: exit
2023/10/24 08:33:33 [notice] 29#29: exit
2023/10/24 08:33:33 [notice] 23#23: exit
2023/10/24 08:33:33 [notice] 25#25: gracefully shutting down
2023/10/24 08:33:33 [notice] 31#31: gracefully shutting down
2023/10/24 08:33:33 [notice] 26#26: gracefully shutting down
2023/10/24 08:33:33 [notice] 25#25: exiting
2023/10/24 08:33:33 [notice] 26#26: exiting
2023/10/24 08:33:33 [notice] 30#30: gracefully shutting down
2023/10/24 08:33:33 [notice] 31#31: exiting
2023/10/24 08:33:33 [notice] 30#30: exiting
2023/10/24 08:33:33 [notice] 25#25: exit
2023/10/24 08:33:33 [notice] 26#26: exit
2023/10/24 08:33:33 [notice] 28#28: gracefully shutting down
2023/10/24 08:33:33 [notice] 28#28: exiting
2023/10/24 08:33:33 [notice] 31#31: exit
2023/10/24 08:33:33 [notice] 30#30: exit
2023/10/24 08:33:33 [notice] 28#28: exit
2023/10/24 08:33:33 [notice] 1#1: signal 17 (SIGCHLD) received from 20
2023/10/24 08:33:33 [notice] 1#1: worker process 20 exited with code 0
2023/10/24 08:33:33 [notice] 1#1: worker process 21 exited with code 0
2023/10/24 08:33:33 [notice] 1#1: worker process 23 exited with code 0
2023/10/24 08:33:33 [notice] 1#1: worker process 24 exited with code 0
2023/10/24 08:33:33 [notice] 1#1: worker process 25 exited with code 0
2023/10/24 08:33:33 [notice] 1#1: worker process 27 exited with code 0
2023/10/24 08:33:33 [notice] 1#1: worker process 28 exited with code 0
2023/10/24 08:33:33 [notice] 1#1: worker process 29 exited with code 0
2023/10/24 08:33:33 [notice] 1#1: worker process 30 exited with code 0
2023/10/24 08:33:33 [notice] 1#1: worker process 31 exited with code 0
2023/10/24 08:33:33 [notice] 1#1: signal 29 (SIGIO) received
2023/10/24 08:33:33 [notice] 1#1: signal 17 (SIGCHLD) received from 25
2023/10/24 08:33:33 [notice] 1#1: signal 17 (SIGCHLD) received from 22
2023/10/24 08:33:33 [notice] 1#1: worker process 22 exited with code 0
2023/10/24 08:33:33 [notice] 1#1: signal 17 (SIGCHLD) received from 26
2023/10/24 08:33:33 [notice] 1#1: worker process 26 exited with code 0
2023/10/24 08:33:33 [notice] 1#1: exit
2023/10/24 08:33:36 [notice] 1#1: using the "epoll" event method
2023/10/24 08:33:36 [notice] 1#1: nginx/1.25.2
2023/10/24 08:33:36 [notice] 1#1: built by gcc 12.2.1 20220924 (Alpine 12.2.1_git20220924-r10) 
2023/10/24 08:33:36 [notice] 1#1: OS: Linux 6.2.0-34-generic
2023/10/24 08:33:36 [notice] 1#1: getrlimit(RLIMIT_NOFILE): 1048576:1048576
2023/10/24 08:33:36 [notice] 1#1: start worker processes
2023/10/24 08:33:36 [notice] 1#1: start worker process 20
2023/10/24 08:33:36 [notice] 1#1: start worker process 21
2023/10/24 08:33:36 [notice] 1#1: start worker process 22
2023/10/24 08:33:36 [notice] 1#1: start worker process 23
2023/10/24 08:33:36 [notice] 1#1: start worker process 24
2023/10/24 08:33:36 [notice] 1#1: start worker process 25
2023/10/24 08:33:36 [notice] 1#1: start worker process 26
2023/10/24 08:33:36 [notice] 1#1: start worker process 27
2023/10/24 08:33:36 [notice] 1#1: start worker process 28
2023/10/24 08:33:36 [notice] 1#1: start worker process 29
2023/10/24 08:33:36 [notice] 1#1: start worker process 30
2023/10/24 08:33:36 [notice] 1#1: start worker process 31
2023/10/24 08:39:26 [notice] 1#1: signal 3 (SIGQUIT) received, shutting down
2023/10/24 08:39:26 [notice] 20#20: gracefully shutting down
2023/10/24 08:39:26 [notice] 21#21: gracefully shutting down
2023/10/24 08:39:26 [notice] 20#20: exiting
2023/10/24 08:39:26 [notice] 24#24: gracefully shutting down
2023/10/24 08:39:26 [notice] 23#23: gracefully shutting down
2023/10/24 08:39:26 [notice] 21#21: exiting
2023/10/24 08:39:26 [notice] 24#24: exiting
2023/10/24 08:39:26 [notice] 23#23: exiting
2023/10/24 08:39:26 [notice] 22#22: gracefully shutting down
2023/10/24 08:39:26 [notice] 25#25: gracefully shutting down
2023/10/24 08:39:26 [notice] 31#31: gracefully shutting down
2023/10/24 08:39:26 [notice] 22#22: exiting
2023/10/24 08:39:26 [notice] 25#25: exiting
2023/10/24 08:39:26 [notice] 31#31: exiting
2023/10/24 08:39:26 [notice] 24#24: exit
2023/10/24 08:39:26 [notice] 20#20: exit
2023/10/24 08:39:26 [notice] 23#23: exit
2023/10/24 08:39:26 [notice] 30#30: gracefully shutting down
2023/10/24 08:39:26 [notice] 30#30: exiting
2023/10/24 08:39:26 [notice] 21#21: exit
2023/10/24 08:39:26 [notice] 22#22: exit
2023/10/24 08:39:26 [notice] 25#25: exit
2023/10/24 08:39:26 [notice] 31#31: exit
2023/10/24 08:39:26 [notice] 30#30: exit
2023/10/24 08:39:26 [notice] 26#26: gracefully shutting down
2023/10/24 08:39:26 [notice] 26#26: exiting
2023/10/24 08:39:26 [notice] 29#29: gracefully shutting down
2023/10/24 08:39:26 [notice] 27#27: gracefully shutting down
2023/10/24 08:39:26 [notice] 29#29: exiting
2023/10/24 08:39:26 [notice] 27#27: exiting
2023/10/24 08:39:26 [notice] 26#26: exit
2023/10/24 08:39:26 [notice] 27#27: exit
2023/10/24 08:39:26 [notice] 29#29: exit
2023/10/24 08:39:26 [notice] 28#28: gracefully shutting down
2023/10/24 08:39:26 [notice] 28#28: exiting
2023/10/24 08:39:26 [notice] 28#28: exit
2023/10/24 08:39:26 [notice] 1#1: signal 17 (SIGCHLD) received from 23
2023/10/24 08:39:26 [notice] 1#1: worker process 23 exited with code 0
2023/10/24 08:39:26 [notice] 1#1: worker process 22 exited with code 0
2023/10/24 08:39:26 [notice] 1#1: worker process 26 exited with code 0
2023/10/24 08:39:26 [notice] 1#1: signal 29 (SIGIO) received
2023/10/24 08:39:26 [notice] 1#1: signal 17 (SIGCHLD) received from 22
2023/10/24 08:39:26 [notice] 1#1: worker process 20 exited with code 0
2023/10/24 08:39:26 [notice] 1#1: worker process 27 exited with code 0
2023/10/24 08:39:26 [notice] 1#1: worker process 30 exited with code 0
2023/10/24 08:39:26 [notice] 1#1: signal 29 (SIGIO) received
2023/10/24 08:39:26 [notice] 1#1: signal 17 (SIGCHLD) received from 21
2023/10/24 08:39:26 [notice] 1#1: worker process 21 exited with code 0
2023/10/24 08:39:26 [notice] 1#1: worker process 31 exited with code 0
2023/10/24 08:39:26 [notice] 1#1: signal 29 (SIGIO) received
2023/10/24 08:39:26 [notice] 1#1: signal 17 (SIGCHLD) received from 31
2023/10/24 08:39:26 [notice] 1#1: signal 17 (SIGCHLD) received from 28
2023/10/24 08:39:26 [notice] 1#1: worker process 28 exited with code 0
2023/10/24 08:39:26 [notice] 1#1: signal 29 (SIGIO) received
2023/10/24 08:39:26 [notice] 1#1: signal 17 (SIGCHLD) received from 24
2023/10/24 08:39:26 [notice] 1#1: worker process 24 exited with code 0
2023/10/24 08:39:26 [notice] 1#1: signal 29 (SIGIO) received
2023/10/24 08:39:26 [notice] 1#1: signal 17 (SIGCHLD) received from 29
2023/10/24 08:39:26 [notice] 1#1: worker process 29 exited with code 0
2023/10/24 08:39:26 [notice] 1#1: signal 29 (SIGIO) received
2023/10/24 08:39:26 [notice] 1#1: signal 17 (SIGCHLD) received from 25
2023/10/24 08:39:26 [notice] 1#1: worker process 25 exited with code 0
2023/10/24 08:39:26 [notice] 1#1: exit
2023/10/24 12:55:21 [notice] 1#1: using the "epoll" event method
2023/10/24 12:55:21 [notice] 1#1: nginx/1.25.2
2023/10/24 12:55:21 [notice] 1#1: built by gcc 12.2.1 20220924 (Alpine 12.2.1_git20220924-r10) 
2023/10/24 12:55:21 [notice] 1#1: OS: Linux 6.2.0-34-generic
2023/10/24 12:55:21 [notice] 1#1: getrlimit(RLIMIT_NOFILE): 1048576:1048576
2023/10/24 12:55:21 [notice] 1#1: start worker processes
2023/10/24 12:55:21 [notice] 1#1: start worker process 20
2023/10/24 12:55:21 [notice] 1#1: start worker process 21
2023/10/24 12:55:21 [notice] 1#1: start worker process 22
2023/10/24 12:55:21 [notice] 1#1: start worker process 23
2023/10/24 12:55:21 [notice] 1#1: start worker process 24
2023/10/24 12:55:21 [notice] 1#1: start worker process 25
2023/10/24 12:55:21 [notice] 1#1: start worker process 26
2023/10/24 12:55:21 [notice] 1#1: start worker process 27
2023/10/24 12:55:21 [notice] 1#1: start worker process 28
2023/10/24 12:55:21 [notice] 1#1: start worker process 29
2023/10/24 12:55:21 [notice] 1#1: start worker process 30
2023/10/24 12:55:21 [notice] 1#1: start worker process 31
2023/10/24 12:58:12 [notice] 1#1: signal 3 (SIGQUIT) received, shutting down
2023/10/24 12:58:12 [notice] 22#22: gracefully shutting down
2023/10/24 12:58:12 [notice] 21#21: gracefully shutting down
2023/10/24 12:58:12 [notice] 20#20: gracefully shutting down
2023/10/24 12:58:12 [notice] 23#23: gracefully shutting down
2023/10/24 12:58:12 [notice] 26#26: gracefully shutting down
2023/10/24 12:58:12 [notice] 22#22: exiting
2023/10/24 12:58:12 [notice] 21#21: exiting
2023/10/24 12:58:12 [notice] 24#24: gracefully shutting down
2023/10/24 12:58:12 [notice] 20#20: exiting
2023/10/24 12:58:12 [notice] 23#23: exiting
2023/10/24 12:58:12 [notice] 25#25: gracefully shutting down
2023/10/24 12:58:12 [notice] 26#26: exiting
2023/10/24 12:58:12 [notice] 24#24: exiting
2023/10/24 12:58:12 [notice] 25#25: exiting
2023/10/24 12:58:12 [notice] 23#23: exit
2023/10/24 12:58:12 [notice] 21#21: exit
2023/10/24 12:58:12 [notice] 20#20: exit
2023/10/24 12:58:12 [notice] 25#25: exit
2023/10/24 12:58:12 [notice] 26#26: exit
2023/10/24 12:58:12 [notice] 22#22: exit
2023/10/24 12:58:12 [notice] 24#24: exit
2023/10/24 12:58:12 [notice] 29#29: gracefully shutting down
2023/10/24 12:58:12 [notice] 29#29: exiting
2023/10/24 12:58:12 [notice] 29#29: exit
2023/10/24 12:58:12 [notice] 31#31: gracefully shutting down
2023/10/24 12:58:12 [notice] 27#27: gracefully shutting down
2023/10/24 12:58:12 [notice] 31#31: exiting
2023/10/24 12:58:12 [notice] 27#27: exiting
2023/10/24 12:58:12 [notice] 28#28: gracefully shutting down
2023/10/24 12:58:12 [notice] 28#28: exiting
2023/10/24 12:58:12 [notice] 31#31: exit
2023/10/24 12:58:12 [notice] 27#27: exit
2023/10/24 12:58:12 [notice] 28#28: exit
2023/10/24 12:58:12 [notice] 30#30: gracefully shutting down
2023/10/24 12:58:12 [notice] 30#30: exiting
2023/10/24 12:58:12 [notice] 30#30: exit
2023/10/24 12:58:12 [notice] 1#1: signal 17 (SIGCHLD) received from 23
2023/10/24 12:58:12 [notice] 1#1: worker process 21 exited with code 0
2023/10/24 12:58:12 [notice] 1#1: worker process 20 exited with code 0
2023/10/24 12:58:12 [notice] 1#1: worker process 23 exited with code 0
2023/10/24 12:58:12 [notice] 1#1: worker process 28 exited with code 0
2023/10/24 12:58:12 [notice] 1#1: worker process 30 exited with code 0
2023/10/24 12:58:12 [notice] 1#1: signal 29 (SIGIO) received
2023/10/24 12:58:12 [notice] 1#1: signal 17 (SIGCHLD) received from 28
2023/10/24 12:58:12 [notice] 1#1: signal 17 (SIGCHLD) received from 26
2023/10/24 12:58:12 [notice] 1#1: worker process 26 exited with code 0
2023/10/24 12:58:12 [notice] 1#1: worker process 25 exited with code 0
2023/10/24 12:58:12 [notice] 1#1: worker process 27 exited with code 0
2023/10/24 12:58:12 [notice] 1#1: worker process 31 exited with code 0
2023/10/24 12:58:12 [notice] 1#1: signal 29 (SIGIO) received
2023/10/24 12:58:12 [notice] 1#1: signal 17 (SIGCHLD) received from 25
2023/10/24 12:58:12 [notice] 1#1: signal 17 (SIGCHLD) received from 29
2023/10/24 12:58:12 [notice] 1#1: worker process 29 exited with code 0
2023/10/24 12:58:12 [notice] 1#1: signal 29 (SIGIO) received
2023/10/24 12:58:12 [notice] 1#1: signal 17 (SIGCHLD) received from 24
2023/10/24 12:58:12 [notice] 1#1: worker process 24 exited with code 0
2023/10/24 12:58:12 [notice] 1#1: signal 29 (SIGIO) received
2023/10/24 12:58:12 [notice] 1#1: signal 17 (SIGCHLD) received from 22
2023/10/24 12:58:12 [notice] 1#1: worker process 22 exited with code 0
2023/10/24 12:58:12 [notice] 1#1: exit
2023/10/24 12:58:15 [notice] 1#1: using the "epoll" event method
2023/10/24 12:58:15 [notice] 1#1: nginx/1.25.2
2023/10/24 12:58:15 [notice] 1#1: built by gcc 12.2.1 20220924 (Alpine 12.2.1_git20220924-r10) 
2023/10/24 12:58:15 [notice] 1#1: OS: Linux 6.2.0-34-generic
2023/10/24 12:58:15 [notice] 1#1: getrlimit(RLIMIT_NOFILE): 1048576:1048576
2023/10/24 12:58:15 [notice] 1#1: start worker processes
2023/10/24 12:58:15 [notice] 1#1: start worker process 20
2023/10/24 12:58:15 [notice] 1#1: start worker process 21
2023/10/24 12:58:15 [notice] 1#1: start worker process 22
2023/10/24 12:58:15 [notice] 1#1: start worker process 23
2023/10/24 12:58:15 [notice] 1#1: start worker process 24
2023/10/24 12:58:15 [notice] 1#1: start worker process 25
2023/10/24 12:58:15 [notice] 1#1: start worker process 26
2023/10/24 12:58:15 [notice] 1#1: start worker process 27
2023/10/24 12:58:15 [notice] 1#1: start worker process 28
2023/10/24 12:58:15 [notice] 1#1: start worker process 29
2023/10/24 12:58:15 [notice] 1#1: start worker process 30
2023/10/24 12:58:15 [notice] 1#1: start worker process 31
2023/10/24 13:11:34 [notice] 1#1: signal 3 (SIGQUIT) received, shutting down
2023/10/24 13:11:34 [notice] 22#22: gracefully shutting down
2023/10/24 13:11:34 [notice] 24#24: gracefully shutting down
2023/10/24 13:11:34 [notice] 21#21: gracefully shutting down
2023/10/24 13:11:34 [notice] 20#20: gracefully shutting down
2023/10/24 13:11:34 [notice] 27#27: gracefully shutting down
2023/10/24 13:11:34 [notice] 22#22: exiting
2023/10/24 13:11:34 [notice] 24#24: exiting
2023/10/24 13:11:34 [notice] 21#21: exiting
2023/10/24 13:11:34 [notice] 20#20: exiting
2023/10/24 13:11:34 [notice] 27#27: exiting
2023/10/24 13:11:34 [notice] 23#23: gracefully shutting down
2023/10/24 13:11:34 [notice] 23#23: exiting
2023/10/24 13:11:34 [notice] 22#22: exit
2023/10/24 13:11:34 [notice] 27#27: exit
2023/10/24 13:11:34 [notice] 24#24: exit
2023/10/24 13:11:34 [notice] 20#20: exit
2023/10/24 13:11:34 [notice] 21#21: exit
2023/10/24 13:11:34 [notice] 25#25: gracefully shutting down
2023/10/24 13:11:34 [notice] 23#23: exit
2023/10/24 13:11:34 [notice] 25#25: exiting
2023/10/24 13:11:34 [notice] 25#25: exit
2023/10/24 13:11:34 [notice] 26#26: gracefully shutting down
2023/10/24 13:11:34 [notice] 26#26: exiting
2023/10/24 13:11:34 [notice] 26#26: exit
2023/10/24 13:11:34 [notice] 28#28: gracefully shutting down
2023/10/24 13:11:34 [notice] 31#31: gracefully shutting down
2023/10/24 13:11:34 [notice] 28#28: exiting
2023/10/24 13:11:34 [notice] 31#31: exiting
2023/10/24 13:11:34 [notice] 30#30: gracefully shutting down
2023/10/24 13:11:34 [notice] 30#30: exiting
2023/10/24 13:11:34 [notice] 31#31: exit
2023/10/24 13:11:34 [notice] 28#28: exit
2023/10/24 13:11:34 [notice] 29#29: gracefully shutting down
2023/10/24 13:11:34 [notice] 30#30: exit
2023/10/24 13:11:34 [notice] 29#29: exiting
2023/10/24 13:11:34 [notice] 29#29: exit
2023/10/24 13:11:34 [notice] 1#1: signal 17 (SIGCHLD) received from 26
2023/10/24 13:11:34 [notice] 1#1: worker process 20 exited with code 0
2023/10/24 13:11:34 [notice] 1#1: worker process 21 exited with code 0
2023/10/24 13:11:34 [notice] 1#1: worker process 26 exited with code 0
2023/10/24 13:11:34 [notice] 1#1: worker process 22 exited with code 0
2023/10/24 13:11:34 [notice] 1#1: signal 29 (SIGIO) received
2023/10/24 13:11:34 [notice] 1#1: signal 17 (SIGCHLD) received from 21
2023/10/24 13:11:34 [notice] 1#1: signal 17 (SIGCHLD) received from 31
2023/10/24 13:11:34 [notice] 1#1: worker process 31 exited with code 0
2023/10/24 13:11:34 [notice] 1#1: signal 29 (SIGIO) received
2023/10/24 13:11:34 [notice] 1#1: signal 17 (SIGCHLD) received from 28
2023/10/24 13:11:34 [notice] 1#1: worker process 28 exited with code 0
2023/10/24 13:11:34 [notice] 1#1: signal 29 (SIGIO) received
2023/10/24 13:11:34 [notice] 1#1: signal 17 (SIGCHLD) received from 27
2023/10/24 13:11:34 [notice] 1#1: worker process 27 exited with code 0
2023/10/24 13:11:34 [notice] 1#1: worker process 24 exited with code 0
2023/10/24 13:11:34 [notice] 1#1: worker process 25 exited with code 0
2023/10/24 13:11:34 [notice] 1#1: signal 29 (SIGIO) received
2023/10/24 13:11:34 [notice] 1#1: signal 17 (SIGCHLD) received from 24
2023/10/24 13:11:34 [notice] 1#1: worker process 30 exited with code 0
2023/10/24 13:11:34 [notice] 1#1: signal 29 (SIGIO) received
2023/10/24 13:11:34 [notice] 1#1: signal 17 (SIGCHLD) received from 23
2023/10/24 13:11:34 [notice] 1#1: worker process 23 exited with code 0
2023/10/24 13:11:34 [notice] 1#1: signal 29 (SIGIO) received
2023/10/24 13:11:34 [notice] 1#1: signal 17 (SIGCHLD) received from 29
2023/10/24 13:11:34 [notice] 1#1: worker process 29 exited with code 0
2023/10/24 13:11:34 [notice] 1#1: exit
2023/10/26 16:06:11 [notice] 1#1: using the "epoll" event method
2023/10/26 16:06:11 [notice] 1#1: nginx/1.25.2
2023/10/26 16:06:11 [notice] 1#1: built by gcc 12.2.1 20220924 (Alpine 12.2.1_git20220924-r10) 
2023/10/26 16:06:11 [notice] 1#1: OS: Linux 6.2.0-34-generic
2023/10/26 16:06:11 [notice] 1#1: getrlimit(RLIMIT_NOFILE): 1048576:1048576
2023/10/26 16:06:11 [notice] 1#1: start worker processes
2023/10/26 16:06:11 [notice] 1#1: start worker process 20
2023/10/26 16:06:11 [notice] 1#1: start worker process 21
2023/10/26 16:06:11 [notice] 1#1: start worker process 22
2023/10/26 16:06:11 [notice] 1#1: start worker process 23
2023/10/26 16:06:11 [notice] 1#1: start worker process 24
2023/10/26 16:06:11 [notice] 1#1: start worker process 25
2023/10/26 16:06:11 [notice] 1#1: start worker process 26
2023/10/26 16:06:11 [notice] 1#1: start worker process 27
2023/10/26 16:06:11 [notice] 1#1: start worker process 28
2023/10/26 16:06:11 [notice] 1#1: start worker process 29
2023/10/26 16:06:11 [notice] 1#1: start worker process 30
2023/10/26 16:06:11 [notice] 1#1: start worker process 31
2023/10/26 16:07:53 [notice] 1#1: signal 3 (SIGQUIT) received, shutting down
2023/10/26 16:07:53 [notice] 20#20: gracefully shutting down
2023/10/26 16:07:53 [notice] 22#22: gracefully shutting down
2023/10/26 16:07:53 [notice] 23#23: gracefully shutting down
2023/10/26 16:07:53 [notice] 26#26: gracefully shutting down
2023/10/26 16:07:53 [notice] 20#20: exiting
2023/10/26 16:07:53 [notice] 25#25: gracefully shutting down
2023/10/26 16:07:53 [notice] 22#22: exiting
2023/10/26 16:07:53 [notice] 21#21: gracefully shutting down
2023/10/26 16:07:53 [notice] 23#23: exiting
2023/10/26 16:07:53 [notice] 26#26: exiting
2023/10/26 16:07:53 [notice] 29#29: gracefully shutting down
2023/10/26 16:07:53 [notice] 30#30: gracefully shutting down
2023/10/26 16:07:53 [notice] 28#28: gracefully shutting down
2023/10/26 16:07:53 [notice] 25#25: exiting
2023/10/26 16:07:53 [notice] 21#21: exiting
2023/10/26 16:07:53 [notice] 29#29: exiting
2023/10/26 16:07:53 [notice] 30#30: exiting
2023/10/26 16:07:53 [notice] 28#28: exiting
2023/10/26 16:07:53 [notice] 20#20: exit
2023/10/26 16:07:53 [notice] 26#26: exit
2023/10/26 16:07:53 [notice] 23#23: exit
2023/10/26 16:07:53 [notice] 22#22: exit
2023/10/26 16:07:53 [notice] 21#21: exit
2023/10/26 16:07:53 [notice] 30#30: exit
2023/10/26 16:07:53 [notice] 29#29: exit
2023/10/26 16:07:53 [notice] 25#25: exit
2023/10/26 16:07:53 [notice] 28#28: exit
2023/10/26 16:07:53 [notice] 24#24: gracefully shutting down
2023/10/26 16:07:53 [notice] 24#24: exiting
2023/10/26 16:07:53 [notice] 27#27: gracefully shutting down
2023/10/26 16:07:53 [notice] 27#27: exiting
2023/10/26 16:07:53 [notice] 24#24: exit
2023/10/26 16:07:53 [notice] 27#27: exit
2023/10/26 16:07:53 [notice] 31#31: gracefully shutting down
2023/10/26 16:07:53 [notice] 31#31: exiting
2023/10/26 16:07:53 [notice] 31#31: exit
2023/10/26 16:07:53 [notice] 1#1: signal 17 (SIGCHLD) received from 21
2023/10/26 16:07:53 [notice] 1#1: worker process 20 exited with code 0
2023/10/26 16:07:53 [notice] 1#1: worker process 21 exited with code 0
2023/10/26 16:07:53 [notice] 1#1: worker process 25 exited with code 0
2023/10/26 16:07:53 [notice] 1#1: signal 29 (SIGIO) received
2023/10/26 16:07:53 [notice] 1#1: signal 17 (SIGCHLD) received from 25
2023/10/26 16:07:53 [notice] 1#1: signal 17 (SIGCHLD) received from 28
2023/10/26 16:07:53 [notice] 1#1: worker process 28 exited with code 0
2023/10/26 16:07:53 [notice] 1#1: signal 29 (SIGIO) received
2023/10/26 16:07:53 [notice] 1#1: signal 17 (SIGCHLD) received from 31
2023/10/26 16:07:53 [notice] 1#1: worker process 31 exited with code 0
2023/10/26 16:07:53 [notice] 1#1: signal 29 (SIGIO) received
2023/10/26 16:07:53 [notice] 1#1: signal 17 (SIGCHLD) received from 30
2023/10/26 16:07:53 [notice] 1#1: worker process 22 exited with code 0
2023/10/26 16:07:53 [notice] 1#1: worker process 24 exited with code 0
2023/10/26 16:07:53 [notice] 1#1: worker process 30 exited with code 0
2023/10/26 16:07:53 [notice] 1#1: signal 29 (SIGIO) received
2023/10/26 16:07:53 [notice] 1#1: signal 17 (SIGCHLD) received from 22
2023/10/26 16:07:53 [notice] 1#1: signal 17 (SIGCHLD) received from 27
2023/10/26 16:07:53 [notice] 1#1: worker process 27 exited with code 0
2023/10/26 16:07:53 [notice] 1#1: signal 29 (SIGIO) received
2023/10/26 16:07:53 [notice] 1#1: signal 17 (SIGCHLD) received from 29
2023/10/26 16:07:53 [notice] 1#1: worker process 29 exited with code 0
2023/10/26 16:07:53 [notice] 1#1: signal 29 (SIGIO) received
2023/10/26 16:07:53 [notice] 1#1: signal 17 (SIGCHLD) received from 23
2023/10/26 16:07:53 [notice] 1#1: worker process 23 exited with code 0
2023/10/26 16:07:53 [notice] 1#1: signal 29 (SIGIO) received
2023/10/26 16:07:53 [notice] 1#1: signal 17 (SIGCHLD) received from 26
2023/10/26 16:07:53 [notice] 1#1: worker process 26 exited with code 0
2023/10/26 16:07:53 [notice] 1#1: exit
2023/10/26 16:07:56 [notice] 1#1: using the "epoll" event method
2023/10/26 16:07:56 [notice] 1#1: nginx/1.25.2
2023/10/26 16:07:56 [notice] 1#1: built by gcc 12.2.1 20220924 (Alpine 12.2.1_git20220924-r10) 
2023/10/26 16:07:56 [notice] 1#1: OS: Linux 6.2.0-34-generic
2023/10/26 16:07:56 [notice] 1#1: getrlimit(RLIMIT_NOFILE): 1048576:1048576
2023/10/26 16:07:56 [notice] 1#1: start worker processes
2023/10/26 16:07:56 [notice] 1#1: start worker process 20
2023/10/26 16:07:56 [notice] 1#1: start worker process 21
2023/10/26 16:07:56 [notice] 1#1: start worker process 22
2023/10/26 16:07:56 [notice] 1#1: start worker process 23
2023/10/26 16:07:56 [notice] 1#1: start worker process 24
2023/10/26 16:07:56 [notice] 1#1: start worker process 25
2023/10/26 16:07:56 [notice] 1#1: start worker process 26
2023/10/26 16:07:56 [notice] 1#1: start worker process 27
2023/10/26 16:07:56 [notice] 1#1: start worker process 28
2023/10/26 16:07:56 [notice] 1#1: start worker process 29
2023/10/26 16:07:56 [notice] 1#1: start worker process 30
2023/10/26 16:07:56 [notice] 1#1: start worker process 31
2023/10/26 16:09:25 [notice] 1#1: signal 3 (SIGQUIT) received, shutting down
2023/10/26 16:09:25 [notice] 21#21: gracefully shutting down
2023/10/26 16:09:25 [notice] 20#20: gracefully shutting down
2023/10/26 16:09:25 [notice] 21#21: exiting
2023/10/26 16:09:25 [notice] 20#20: exiting
2023/10/26 16:09:25 [notice] 20#20: exit
2023/10/26 16:09:25 [notice] 21#21: exit
2023/10/26 16:09:25 [notice] 27#27: gracefully shutting down
2023/10/26 16:09:25 [notice] 23#23: gracefully shutting down
2023/10/26 16:09:25 [notice] 26#26: gracefully shutting down
2023/10/26 16:09:25 [notice] 31#31: gracefully shutting down
2023/10/26 16:09:25 [notice] 25#25: gracefully shutting down
2023/10/26 16:09:25 [notice] 22#22: gracefully shutting down
2023/10/26 16:09:25 [notice] 28#28: gracefully shutting down
2023/10/26 16:09:25 [notice] 24#24: gracefully shutting down
2023/10/26 16:09:25 [notice] 29#29: gracefully shutting down
2023/10/26 16:09:25 [notice] 27#27: exiting
2023/10/26 16:09:25 [notice] 30#30: gracefully shutting down
2023/10/26 16:09:25 [notice] 23#23: exiting
2023/10/26 16:09:25 [notice] 26#26: exiting
2023/10/26 16:09:25 [notice] 31#31: exiting
2023/10/26 16:09:25 [notice] 25#25: exiting
2023/10/26 16:09:25 [notice] 28#28: exiting
2023/10/26 16:09:25 [notice] 24#24: exiting
2023/10/26 16:09:25 [notice] 29#29: exiting
2023/10/26 16:09:25 [notice] 30#30: exiting
2023/10/26 16:09:25 [notice] 27#27: exit
2023/10/26 16:09:25 [notice] 22#22: exiting
2023/10/26 16:09:25 [notice] 31#31: exit
2023/10/26 16:09:25 [notice] 26#26: exit
2023/10/26 16:09:25 [notice] 23#23: exit
2023/10/26 16:09:25 [notice] 25#25: exit
2023/10/26 16:09:25 [notice] 28#28: exit
2023/10/26 16:09:25 [notice] 29#29: exit
2023/10/26 16:09:25 [notice] 22#22: exit
2023/10/26 16:09:25 [notice] 24#24: exit
2023/10/26 16:09:25 [notice] 30#30: exit
2023/10/26 16:09:25 [notice] 1#1: signal 17 (SIGCHLD) received from 24
2023/10/26 16:09:25 [notice] 1#1: worker process 24 exited with code 0
2023/10/26 16:09:25 [notice] 1#1: signal 29 (SIGIO) received
2023/10/26 16:09:25 [notice] 1#1: signal 17 (SIGCHLD) received from 27
2023/10/26 16:09:25 [notice] 1#1: worker process 27 exited with code 0
2023/10/26 16:09:25 [notice] 1#1: worker process 21 exited with code 0
2023/10/26 16:09:25 [notice] 1#1: signal 29 (SIGIO) received
2023/10/26 16:09:25 [notice] 1#1: signal 17 (SIGCHLD) received from 21
2023/10/26 16:09:25 [notice] 1#1: signal 17 (SIGCHLD) received from 26
2023/10/26 16:09:25 [notice] 1#1: worker process 25 exited with code 0
2023/10/26 16:09:25 [notice] 1#1: worker process 26 exited with code 0
2023/10/26 16:09:25 [notice] 1#1: signal 17 (SIGCHLD) received from 22
2023/10/26 16:09:25 [notice] 1#1: worker process 22 exited with code 0
2023/10/26 16:09:25 [notice] 1#1: signal 29 (SIGIO) received
2023/10/26 16:09:25 [notice] 1#1: signal 29 (SIGIO) received
2023/10/26 16:09:25 [notice] 1#1: signal 17 (SIGCHLD) received from 31
2023/10/26 16:09:25 [notice] 1#1: worker process 28 exited with code 0
2023/10/26 16:09:25 [notice] 1#1: worker process 31 exited with code 0
2023/10/26 16:09:25 [notice] 1#1: signal 29 (SIGIO) received
2023/10/26 16:09:25 [notice] 1#1: signal 17 (SIGCHLD) received from 30
2023/10/26 16:09:25 [notice] 1#1: worker process 30 exited with code 0
2023/10/26 16:09:25 [notice] 1#1: signal 29 (SIGIO) received
2023/10/26 16:09:25 [notice] 1#1: signal 17 (SIGCHLD) received from 20
2023/10/26 16:09:25 [notice] 1#1: worker process 20 exited with code 0
2023/10/26 16:09:25 [notice] 1#1: signal 29 (SIGIO) received
2023/10/26 16:09:25 [notice] 1#1: signal 17 (SIGCHLD) received from 29
2023/10/26 16:09:25 [notice] 1#1: worker process 29 exited with code 0
2023/10/26 16:09:25 [notice] 1#1: signal 29 (SIGIO) received
2023/10/26 16:09:25 [notice] 1#1: signal 17 (SIGCHLD) received from 23
2023/10/26 16:09:25 [notice] 1#1: worker process 23 exited with code 0
2023/10/26 16:09:25 [notice] 1#1: exit
2023/10/26 16:09:41 [notice] 1#1: using the "epoll" event method
2023/10/26 16:09:41 [notice] 1#1: nginx/1.25.2
2023/10/26 16:09:41 [notice] 1#1: built by gcc 12.2.1 20220924 (Alpine 12.2.1_git20220924-r10) 
2023/10/26 16:09:41 [notice] 1#1: OS: Linux 6.2.0-34-generic
2023/10/26 16:09:41 [notice] 1#1: getrlimit(RLIMIT_NOFILE): 1048576:1048576
2023/10/26 16:09:41 [notice] 1#1: start worker processes
2023/10/26 16:09:41 [notice] 1#1: start worker process 20
2023/10/26 16:09:41 [notice] 1#1: start worker process 21
2023/10/26 16:09:41 [notice] 1#1: start worker process 22
2023/10/26 16:09:41 [notice] 1#1: start worker process 23
2023/10/26 16:09:41 [notice] 1#1: start worker process 24
2023/10/26 16:09:41 [notice] 1#1: start worker process 25
2023/10/26 16:09:41 [notice] 1#1: start worker process 26
2023/10/26 16:09:41 [notice] 1#1: start worker process 27
2023/10/26 16:09:41 [notice] 1#1: start worker process 28
2023/10/26 16:09:41 [notice] 1#1: start worker process 29
2023/10/26 16:09:41 [notice] 1#1: start worker process 30
2023/10/26 16:09:41 [notice] 1#1: start worker process 31
2023/10/26 16:32:27 [notice] 1#1: signal 3 (SIGQUIT) received, shutting down
2023/10/26 16:32:27 [notice] 22#22: gracefully shutting down
2023/10/26 16:32:27 [notice] 22#22: exiting
2023/10/26 16:32:27 [notice] 20#20: gracefully shutting down
2023/10/26 16:32:27 [notice] 20#20: exiting
2023/10/26 16:32:27 [notice] 22#22: exit
2023/10/26 16:32:27 [notice] 20#20: exit
2023/10/26 16:32:27 [notice] 21#21: gracefully shutting down
2023/10/26 16:32:27 [notice] 21#21: exiting
2023/10/26 16:32:27 [notice] 21#21: exit
2023/10/26 16:32:27 [notice] 27#27: gracefully shutting down
2023/10/26 16:32:27 [notice] 27#27: exiting
2023/10/26 16:32:27 [notice] 27#27: exit
2023/10/26 16:32:27 [notice] 25#25: gracefully shutting down
2023/10/26 16:32:27 [notice] 25#25: exiting
2023/10/26 16:32:27 [notice] 25#25: exit
2023/10/26 16:32:27 [notice] 24#24: gracefully shutting down
2023/10/26 16:32:27 [notice] 24#24: exiting
2023/10/26 16:32:27 [notice] 24#24: exit
2023/10/26 16:32:27 [notice] 26#26: gracefully shutting down
2023/10/26 16:32:27 [notice] 26#26: exiting
2023/10/26 16:32:27 [notice] 26#26: exit
2023/10/26 16:32:27 [notice] 23#23: gracefully shutting down
2023/10/26 16:32:27 [notice] 29#29: gracefully shutting down
2023/10/26 16:32:27 [notice] 28#28: gracefully shutting down
2023/10/26 16:32:27 [notice] 23#23: exiting
2023/10/26 16:32:27 [notice] 29#29: exiting
2023/10/26 16:32:27 [notice] 28#28: exiting
2023/10/26 16:32:27 [notice] 23#23: exit
2023/10/26 16:32:27 [notice] 29#29: exit
2023/10/26 16:32:27 [notice] 28#28: exit
2023/10/26 16:32:27 [notice] 31#31: gracefully shutting down
2023/10/26 16:32:27 [notice] 31#31: exiting
2023/10/26 16:32:27 [notice] 31#31: exit
2023/10/26 16:32:27 [notice] 30#30: gracefully shutting down
2023/10/26 16:32:27 [notice] 30#30: exiting
2023/10/26 16:32:27 [notice] 30#30: exit
2023/10/26 16:32:27 [notice] 1#1: signal 17 (SIGCHLD) received from 21
2023/10/26 16:32:27 [notice] 1#1: worker process 21 exited with code 0
2023/10/26 16:32:27 [notice] 1#1: worker process 22 exited with code 0
2023/10/26 16:32:27 [notice] 1#1: worker process 25 exited with code 0
2023/10/26 16:32:27 [notice] 1#1: worker process 27 exited with code 0
2023/10/26 16:32:27 [notice] 1#1: worker process 28 exited with code 0
2023/10/26 16:32:27 [notice] 1#1: worker process 29 exited with code 0
2023/10/26 16:32:27 [notice] 1#1: signal 29 (SIGIO) received
2023/10/26 16:32:27 [notice] 1#1: signal 17 (SIGCHLD) received from 22
2023/10/26 16:32:27 [notice] 1#1: signal 17 (SIGCHLD) received from 30
2023/10/26 16:32:27 [notice] 1#1: worker process 30 exited with code 0
2023/10/26 16:32:27 [notice] 1#1: worker process 23 exited with code 0
2023/10/26 16:32:27 [notice] 1#1: signal 29 (SIGIO) received
2023/10/26 16:32:27 [notice] 1#1: signal 17 (SIGCHLD) received from 23
2023/10/26 16:32:27 [notice] 1#1: signal 17 (SIGCHLD) received from 26
2023/10/26 16:32:27 [notice] 1#1: worker process 20 exited with code 0
2023/10/26 16:32:27 [notice] 1#1: worker process 24 exited with code 0
2023/10/26 16:32:27 [notice] 1#1: worker process 26 exited with code 0
2023/10/26 16:32:27 [notice] 1#1: worker process 31 exited with code 0
2023/10/26 16:32:27 [notice] 1#1: exit
2023/10/26 16:43:19 [notice] 1#1: using the "epoll" event method
2023/10/26 16:43:19 [notice] 1#1: nginx/1.25.2
2023/10/26 16:43:19 [notice] 1#1: built by gcc 12.2.1 20220924 (Alpine 12.2.1_git20220924-r10) 
2023/10/26 16:43:19 [notice] 1#1: OS: Linux 6.2.0-34-generic
2023/10/26 16:43:19 [notice] 1#1: getrlimit(RLIMIT_NOFILE): 1048576:1048576
2023/10/26 16:43:19 [notice] 1#1: start worker processes
2023/10/26 16:43:19 [notice] 1#1: start worker process 20
2023/10/26 16:43:19 [notice] 1#1: start worker process 21
2023/10/26 16:43:19 [notice] 1#1: start worker process 22
2023/10/26 16:43:19 [notice] 1#1: start worker process 23
2023/10/26 16:43:19 [notice] 1#1: start worker process 24
2023/10/26 16:43:19 [notice] 1#1: start worker process 25
2023/10/26 16:43:19 [notice] 1#1: start worker process 26
2023/10/26 16:43:19 [notice] 1#1: start worker process 27
2023/10/26 16:43:19 [notice] 1#1: start worker process 28
2023/10/26 16:43:19 [notice] 1#1: start worker process 29
2023/10/26 16:43:19 [notice] 1#1: start worker process 30
2023/10/26 16:43:19 [notice] 1#1: start worker process 31
2023/10/31 07:28:04 [notice] 1#1: using the "epoll" event method
2023/10/31 07:28:04 [notice] 1#1: nginx/1.25.2
2023/10/31 07:28:04 [notice] 1#1: built by gcc 12.2.1 20220924 (Alpine 12.2.1_git20220924-r10) 
2023/10/31 07:28:04 [notice] 1#1: OS: Linux 6.2.0-34-generic
2023/10/31 07:28:04 [notice] 1#1: getrlimit(RLIMIT_NOFILE): 1048576:1048576
2023/10/31 07:28:04 [notice] 1#1: start worker processes
2023/10/31 07:28:04 [notice] 1#1: start worker process 20
2023/10/31 07:28:04 [notice] 1#1: start worker process 21
2023/10/31 07:28:04 [notice] 1#1: start worker process 22
2023/10/31 07:28:04 [notice] 1#1: start worker process 23
2023/10/31 07:28:04 [notice] 1#1: start worker process 24
2023/10/31 07:28:04 [notice] 1#1: start worker process 25
2023/10/31 07:28:04 [notice] 1#1: start worker process 26
2023/10/31 07:28:04 [notice] 1#1: start worker process 27
2023/10/31 07:28:04 [notice] 1#1: start worker process 28
2023/10/31 07:28:04 [notice] 1#1: start worker process 29
2023/10/31 07:28:04 [notice] 1#1: start worker process 30
2023/10/31 07:28:04 [notice] 1#1: start worker process 31
2023/11/02 16:11:33 [notice] 1#1: signal 3 (SIGQUIT) received, shutting down
2023/11/02 16:11:33 [notice] 22#22: gracefully shutting down
2023/11/02 16:11:33 [notice] 23#23: gracefully shutting down
2023/11/02 16:11:33 [notice] 27#27: gracefully shutting down
2023/11/02 16:11:33 [notice] 26#26: gracefully shutting down
2023/11/02 16:11:33 [notice] 24#24: gracefully shutting down
2023/11/02 16:11:33 [notice] 21#21: gracefully shutting down
2023/11/02 16:11:33 [notice] 25#25: gracefully shutting down
2023/11/02 16:11:33 [notice] 28#28: gracefully shutting down
2023/11/02 16:11:33 [notice] 30#30: gracefully shutting down
2023/11/02 16:11:33 [notice] 31#31: gracefully shutting down
2023/11/02 16:11:33 [notice] 29#29: gracefully shutting down
2023/11/02 16:11:33 [notice] 23#23: exiting
2023/11/02 16:11:33 [notice] 27#27: exiting
2023/11/02 16:11:33 [notice] 26#26: exiting
2023/11/02 16:11:33 [notice] 29#29: exiting
2023/11/02 16:11:33 [notice] 25#25: exiting
2023/11/02 16:11:33 [notice] 31#31: exiting
2023/11/02 16:11:33 [notice] 30#30: exiting
2023/11/02 16:11:33 [notice] 28#28: exiting
2023/11/02 16:11:33 [notice] 24#24: exiting
2023/11/02 16:11:33 [notice] 20#20: gracefully shutting down
2023/11/02 16:11:33 [notice] 21#21: exiting
2023/11/02 16:11:33 [notice] 22#22: exiting
2023/11/02 16:11:33 [notice] 20#20: exiting
2023/11/02 16:11:33 [notice] 26#26: exit
2023/11/02 16:11:33 [notice] 21#21: exit
2023/11/02 16:11:33 [notice] 22#22: exit
2023/11/02 16:11:33 [notice] 31#31: exit
2023/11/02 16:11:33 [notice] 28#28: exit
2023/11/02 16:11:33 [notice] 29#29: exit
2023/11/02 16:11:33 [notice] 25#25: exit
2023/11/02 16:11:33 [notice] 24#24: exit
2023/11/02 16:11:33 [notice] 20#20: exit
2023/11/02 16:11:33 [notice] 23#23: exit
2023/11/02 16:11:33 [notice] 30#30: exit
2023/11/02 16:11:33 [notice] 27#27: exit
2023/11/02 16:11:33 [notice] 1#1: signal 17 (SIGCHLD) received from 26
2023/11/02 16:11:33 [notice] 1#1: worker process 26 exited with code 0
2023/11/02 16:11:33 [notice] 1#1: signal 29 (SIGIO) received
2023/11/02 16:11:33 [notice] 1#1: signal 17 (SIGCHLD) received from 30
2023/11/02 16:11:33 [notice] 1#1: worker process 20 exited with code 0
2023/11/02 16:11:33 [notice] 1#1: worker process 25 exited with code 0
2023/11/02 16:11:33 [notice] 1#1: worker process 22 exited with code 0
2023/11/02 16:11:33 [notice] 1#1: worker process 27 exited with code 0
2023/11/02 16:11:33 [notice] 1#1: worker process 30 exited with code 0
2023/11/02 16:11:33 [notice] 1#1: worker process 31 exited with code 0
2023/11/02 16:11:33 [notice] 1#1: signal 29 (SIGIO) received
2023/11/02 16:11:33 [notice] 1#1: signal 17 (SIGCHLD) received from 25
2023/11/02 16:11:33 [notice] 1#1: signal 17 (SIGCHLD) received from 29
2023/11/02 16:11:33 [notice] 1#1: worker process 29 exited with code 0
2023/11/02 16:11:33 [notice] 1#1: worker process 23 exited with code 0
2023/11/02 16:11:33 [notice] 1#1: worker process 24 exited with code 0
2023/11/02 16:11:33 [notice] 1#1: signal 29 (SIGIO) received
2023/11/02 16:11:33 [notice] 1#1: signal 17 (SIGCHLD) received from 24
2023/11/02 16:11:33 [notice] 1#1: signal 17 (SIGCHLD) received from 28
2023/11/02 16:11:33 [notice] 1#1: worker process 28 exited with code 0
2023/11/02 16:11:33 [notice] 1#1: signal 29 (SIGIO) received
2023/11/02 16:11:33 [notice] 1#1: signal 17 (SIGCHLD) received from 21
2023/11/02 16:11:33 [notice] 1#1: worker process 21 exited with code 0
2023/11/02 16:11:33 [notice] 1#1: exit
2023/11/23 02:10:00 [notice] 1#1: using the "epoll" event method
2023/11/23 02:10:00 [notice] 1#1: nginx/1.25.2
2023/11/23 02:10:00 [notice] 1#1: built by gcc 12.2.1 20220924 (Alpine 12.2.1_git20220924-r10) 
2023/11/23 02:10:00 [notice] 1#1: OS: Linux 6.2.0-36-generic
2023/11/23 02:10:00 [notice] 1#1: getrlimit(RLIMIT_NOFILE): 1048576:1048576
2023/11/23 02:10:00 [notice] 1#1: start worker processes
2023/11/23 02:10:00 [notice] 1#1: start worker process 20
2023/11/23 02:10:00 [notice] 1#1: start worker process 21
2023/11/23 02:10:00 [notice] 1#1: start worker process 22
2023/11/23 02:10:00 [notice] 1#1: start worker process 23
2023/11/23 02:10:00 [notice] 1#1: start worker process 24
2023/11/23 02:10:00 [notice] 1#1: start worker process 25
2023/11/23 02:10:00 [notice] 1#1: start worker process 26
2023/11/23 02:10:00 [notice] 1#1: start worker process 27
2023/11/23 02:10:00 [notice] 1#1: start worker process 28
2023/11/23 02:10:00 [notice] 1#1: start worker process 29
2023/11/23 02:10:00 [notice] 1#1: start worker process 30
2023/11/23 02:10:00 [notice] 1#1: start worker process 31
2023/11/23 02:12:54 [notice] 1#1: signal 3 (SIGQUIT) received, shutting down
2023/11/23 02:12:54 [notice] 20#20: gracefully shutting down
2023/11/23 02:12:54 [notice] 20#20: exiting
2023/11/23 02:12:54 [notice] 20#20: exit
2023/11/23 02:12:54 [notice] 21#21: gracefully shutting down
2023/11/23 02:12:54 [notice] 25#25: gracefully shutting down
2023/11/23 02:12:54 [notice] 27#27: gracefully shutting down
2023/11/23 02:12:54 [notice] 26#26: gracefully shutting down
2023/11/23 02:12:54 [notice] 28#28: gracefully shutting down
2023/11/23 02:12:54 [notice] 31#31: gracefully shutting down
2023/11/23 02:12:54 [notice] 21#21: exiting
2023/11/23 02:12:54 [notice] 25#25: exiting
2023/11/23 02:12:54 [notice] 27#27: exiting
2023/11/23 02:12:54 [notice] 26#26: exiting
2023/11/23 02:12:54 [notice] 28#28: exiting
2023/11/23 02:12:54 [notice] 31#31: exiting
2023/11/23 02:12:54 [notice] 25#25: exit
2023/11/23 02:12:54 [notice] 28#28: exit
2023/11/23 02:12:54 [notice] 27#27: exit
2023/11/23 02:12:54 [notice] 31#31: exit
2023/11/23 02:12:54 [notice] 26#26: exit
2023/11/23 02:12:54 [notice] 21#21: exit
2023/11/23 02:12:54 [notice] 30#30: gracefully shutting down
2023/11/23 02:12:54 [notice] 30#30: exiting
2023/11/23 02:12:54 [notice] 22#22: gracefully shutting down
2023/11/23 02:12:54 [notice] 22#22: exiting
2023/11/23 02:12:54 [notice] 30#30: exit
2023/11/23 02:12:54 [notice] 22#22: exit
2023/11/23 02:12:54 [notice] 23#23: gracefully shutting down
2023/11/23 02:12:54 [notice] 23#23: exiting
2023/11/23 02:12:54 [notice] 24#24: gracefully shutting down
2023/11/23 02:12:54 [notice] 24#24: exiting
2023/11/23 02:12:54 [notice] 23#23: exit
2023/11/23 02:12:54 [notice] 24#24: exit
2023/11/23 02:12:54 [notice] 29#29: gracefully shutting down
2023/11/23 02:12:54 [notice] 29#29: exiting
2023/11/23 02:12:54 [notice] 29#29: exit
2023/11/23 02:12:54 [notice] 1#1: signal 17 (SIGCHLD) received from 20
2023/11/23 02:12:54 [notice] 1#1: worker process 20 exited with code 0
2023/11/23 02:12:54 [notice] 1#1: signal 29 (SIGIO) received
2023/11/23 02:12:54 [notice] 1#1: signal 17 (SIGCHLD) received from 24
2023/11/23 02:12:54 [notice] 1#1: worker process 22 exited with code 0
2023/11/23 02:12:54 [notice] 1#1: worker process 21 exited with code 0
2023/11/23 02:12:54 [notice] 1#1: worker process 24 exited with code 0
2023/11/23 02:12:54 [notice] 1#1: worker process 26 exited with code 0
2023/11/23 02:12:54 [notice] 1#1: signal 29 (SIGIO) received
2023/11/23 02:12:54 [notice] 1#1: signal 17 (SIGCHLD) received from 26
2023/11/23 02:12:54 [notice] 1#1: worker process 23 exited with code 0
2023/11/23 02:12:54 [notice] 1#1: signal 29 (SIGIO) received
2023/11/23 02:12:54 [notice] 1#1: signal 17 (SIGCHLD) received from 31
2023/11/23 02:12:54 [notice] 1#1: worker process 29 exited with code 0
2023/11/23 02:12:54 [notice] 1#1: worker process 30 exited with code 0
2023/11/23 02:12:54 [notice] 1#1: worker process 31 exited with code 0
2023/11/23 02:12:54 [notice] 1#1: signal 29 (SIGIO) received
2023/11/23 02:12:54 [notice] 1#1: signal 17 (SIGCHLD) received from 30
2023/11/23 02:12:54 [notice] 1#1: worker process 25 exited with code 0
2023/11/23 02:12:54 [notice] 1#1: signal 29 (SIGIO) received
2023/11/23 02:12:54 [notice] 1#1: signal 17 (SIGCHLD) received from 27
2023/11/23 02:12:54 [notice] 1#1: worker process 27 exited with code 0
2023/11/23 02:12:54 [notice] 1#1: signal 29 (SIGIO) received
2023/11/23 02:12:54 [notice] 1#1: signal 17 (SIGCHLD) received from 28
2023/11/23 02:12:54 [notice] 1#1: worker process 28 exited with code 0
2023/11/23 02:12:54 [notice] 1#1: exit
2023/11/23 02:13:10 [notice] 1#1: using the "epoll" event method
2023/11/23 02:13:10 [notice] 1#1: nginx/1.25.2
2023/11/23 02:13:10 [notice] 1#1: built by gcc 12.2.1 20220924 (Alpine 12.2.1_git20220924-r10) 
2023/11/23 02:13:10 [notice] 1#1: OS: Linux 6.2.0-36-generic
2023/11/23 02:13:10 [notice] 1#1: getrlimit(RLIMIT_NOFILE): 1048576:1048576
2023/11/23 02:13:10 [notice] 1#1: start worker processes
2023/11/23 02:13:10 [notice] 1#1: start worker process 21
2023/11/23 02:13:10 [notice] 1#1: start worker process 22
2023/11/23 02:13:10 [notice] 1#1: start worker process 23
2023/11/23 02:13:10 [notice] 1#1: start worker process 24
2023/11/23 02:13:10 [notice] 1#1: start worker process 25
2023/11/23 02:13:10 [notice] 1#1: start worker process 26
2023/11/23 02:13:10 [notice] 1#1: start worker process 27
2023/11/23 02:13:10 [notice] 1#1: start worker process 28
2023/11/23 02:13:10 [notice] 1#1: start worker process 29
2023/11/23 02:13:10 [notice] 1#1: start worker process 30
2023/11/23 02:13:10 [notice] 1#1: start worker process 31
2023/11/23 02:13:10 [notice] 1#1: start worker process 32
2023/11/23 02:13:36 [notice] 1#1: signal 3 (SIGQUIT) received, shutting down
2023/11/23 02:13:36 [notice] 24#24: gracefully shutting down
2023/11/23 02:13:36 [notice] 22#22: gracefully shutting down
2023/11/23 02:13:36 [notice] 21#21: gracefully shutting down
2023/11/23 02:13:36 [notice] 23#23: gracefully shutting down
2023/11/23 02:13:36 [notice] 24#24: exiting
2023/11/23 02:13:36 [notice] 22#22: exiting
2023/11/23 02:13:36 [notice] 21#21: exiting
2023/11/23 02:13:36 [notice] 23#23: exiting
2023/11/23 02:13:36 [notice] 23#23: exit
2023/11/23 02:13:36 [notice] 21#21: exit
2023/11/23 02:13:36 [notice] 22#22: exit
2023/11/23 02:13:36 [notice] 24#24: exit
2023/11/23 02:13:36 [notice] 26#26: gracefully shutting down
2023/11/23 02:13:36 [notice] 31#31: gracefully shutting down
2023/11/23 02:13:36 [notice] 32#32: gracefully shutting down
2023/11/23 02:13:36 [notice] 26#26: exiting
2023/11/23 02:13:36 [notice] 31#31: exiting
2023/11/23 02:13:36 [notice] 25#25: gracefully shutting down
2023/11/23 02:13:36 [notice] 32#32: exiting
2023/11/23 02:13:36 [notice] 27#27: gracefully shutting down
2023/11/23 02:13:36 [notice] 25#25: exiting
2023/11/23 02:13:36 [notice] 28#28: gracefully shutting down
2023/11/23 02:13:36 [notice] 27#27: exiting
2023/11/23 02:13:36 [notice] 28#28: exiting
2023/11/23 02:13:36 [notice] 31#31: exit
2023/11/23 02:13:36 [notice] 26#26: exit
2023/11/23 02:13:36 [notice] 32#32: exit
2023/11/23 02:13:36 [notice] 25#25: exit
2023/11/23 02:13:36 [notice] 29#29: gracefully shutting down
2023/11/23 02:13:36 [notice] 27#27: exit
2023/11/23 02:13:36 [notice] 28#28: exit
2023/11/23 02:13:36 [notice] 29#29: exiting
2023/11/23 02:13:36 [notice] 29#29: exit
2023/11/23 02:13:36 [notice] 30#30: gracefully shutting down
2023/11/23 02:13:36 [notice] 30#30: exiting
2023/11/23 02:13:36 [notice] 30#30: exit
2023/11/23 02:13:36 [notice] 1#1: signal 17 (SIGCHLD) received from 22
2023/11/23 02:13:36 [notice] 1#1: worker process 22 exited with code 0
2023/11/23 02:13:36 [notice] 1#1: worker process 24 exited with code 0
2023/11/23 02:13:36 [notice] 1#1: worker process 21 exited with code 0
2023/11/23 02:13:36 [notice] 1#1: worker process 28 exited with code 0
2023/11/23 02:13:36 [notice] 1#1: signal 29 (SIGIO) received
2023/11/23 02:13:36 [notice] 1#1: signal 17 (SIGCHLD) received from 21
2023/11/23 02:13:36 [notice] 1#1: worker process 30 exited with code 0
2023/11/23 02:13:36 [notice] 1#1: signal 29 (SIGIO) received
2023/11/23 02:13:36 [notice] 1#1: signal 17 (SIGCHLD) received from 29
2023/11/23 02:13:36 [notice] 1#1: worker process 25 exited with code 0
2023/11/23 02:13:36 [notice] 1#1: worker process 29 exited with code 0
2023/11/23 02:13:36 [notice] 1#1: signal 29 (SIGIO) received
2023/11/23 02:13:36 [notice] 1#1: signal 17 (SIGCHLD) received from 25
2023/11/23 02:13:36 [notice] 1#1: signal 17 (SIGCHLD) received from 23
2023/11/23 02:13:36 [notice] 1#1: worker process 23 exited with code 0
2023/11/23 02:13:36 [notice] 1#1: signal 29 (SIGIO) received
2023/11/23 02:13:36 [notice] 1#1: signal 17 (SIGCHLD) received from 27
2023/11/23 02:13:36 [notice] 1#1: worker process 27 exited with code 0
2023/11/23 02:13:36 [notice] 1#1: signal 29 (SIGIO) received
2023/11/23 02:13:36 [notice] 1#1: signal 17 (SIGCHLD) received from 32
2023/11/23 02:13:36 [notice] 1#1: worker process 32 exited with code 0
2023/11/23 02:13:36 [notice] 1#1: signal 29 (SIGIO) received
2023/11/23 02:13:36 [notice] 1#1: signal 17 (SIGCHLD) received from 26
2023/11/23 02:13:36 [notice] 1#1: worker process 26 exited with code 0
2023/11/23 02:13:36 [notice] 1#1: signal 29 (SIGIO) received
2023/11/23 02:13:36 [notice] 1#1: signal 17 (SIGCHLD) received from 31
2023/11/23 02:13:36 [notice] 1#1: worker process 31 exited with code 0
2023/11/23 02:13:36 [notice] 1#1: exit
2023/11/23 02:13:48 [notice] 1#1: using the "epoll" event method
2023/11/23 02:13:48 [notice] 1#1: nginx/1.25.2
2023/11/23 02:13:48 [notice] 1#1: built by gcc 12.2.1 20220924 (Alpine 12.2.1_git20220924-r10) 
2023/11/23 02:13:48 [notice] 1#1: OS: Linux 6.2.0-36-generic
2023/11/23 02:13:48 [notice] 1#1: getrlimit(RLIMIT_NOFILE): 1048576:1048576
2023/11/23 02:13:48 [notice] 1#1: start worker processes
2023/11/23 02:13:48 [notice] 1#1: start worker process 20
2023/11/23 02:13:48 [notice] 1#1: start worker process 21
2023/11/23 02:13:48 [notice] 1#1: start worker process 22
2023/11/23 02:13:48 [notice] 1#1: start worker process 23
2023/11/23 02:13:48 [notice] 1#1: start worker process 24
2023/11/23 02:13:48 [notice] 1#1: start worker process 25
2023/11/23 02:13:48 [notice] 1#1: start worker process 26
2023/11/23 02:13:48 [notice] 1#1: start worker process 27
2023/11/23 02:13:48 [notice] 1#1: start worker process 28
2023/11/23 02:13:48 [notice] 1#1: start worker process 29
2023/11/23 02:13:48 [notice] 1#1: start worker process 30
2023/11/23 02:13:48 [notice] 1#1: start worker process 31
2023/11/23 02:18:24 [notice] 1#1: signal 3 (SIGQUIT) received, shutting down
2023/11/23 02:18:24 [notice] 22#22: gracefully shutting down
2023/11/23 02:18:24 [notice] 20#20: gracefully shutting down
2023/11/23 02:18:24 [notice] 21#21: gracefully shutting down
2023/11/23 02:18:24 [notice] 22#22: exiting
2023/11/23 02:18:24 [notice] 23#23: gracefully shutting down
2023/11/23 02:18:24 [notice] 20#20: exiting
2023/11/23 02:18:24 [notice] 30#30: gracefully shutting down
2023/11/23 02:18:24 [notice] 24#24: gracefully shutting down
2023/11/23 02:18:24 [notice] 21#21: exiting
2023/11/23 02:18:24 [notice] 29#29: gracefully shutting down
2023/11/23 02:18:24 [notice] 25#25: gracefully shutting down
2023/11/23 02:18:24 [notice] 26#26: gracefully shutting down
2023/11/23 02:18:24 [notice] 23#23: exiting
2023/11/23 02:18:24 [notice] 30#30: exiting
2023/11/23 02:18:24 [notice] 24#24: exiting
2023/11/23 02:18:24 [notice] 29#29: exiting
2023/11/23 02:18:24 [notice] 27#27: gracefully shutting down
2023/11/23 02:18:24 [notice] 25#25: exiting
2023/11/23 02:18:24 [notice] 26#26: exiting
2023/11/23 02:18:24 [notice] 27#27: exiting
2023/11/23 02:18:24 [notice] 28#28: gracefully shutting down
2023/11/23 02:18:24 [notice] 28#28: exiting
2023/11/23 02:18:24 [notice] 22#22: exit
2023/11/23 02:18:24 [notice] 20#20: exit
2023/11/23 02:18:24 [notice] 21#21: exit
2023/11/23 02:18:24 [notice] 23#23: exit
2023/11/23 02:18:24 [notice] 29#29: exit
2023/11/23 02:18:24 [notice] 24#24: exit
2023/11/23 02:18:24 [notice] 30#30: exit
2023/11/23 02:18:24 [notice] 25#25: exit
2023/11/23 02:18:24 [notice] 26#26: exit
2023/11/23 02:18:24 [notice] 27#27: exit
2023/11/23 02:18:24 [notice] 28#28: exit
2023/11/23 02:18:24 [notice] 31#31: gracefully shutting down
2023/11/23 02:18:24 [notice] 31#31: exiting
2023/11/23 02:18:24 [notice] 31#31: exit
2023/11/23 02:18:24 [notice] 1#1: signal 17 (SIGCHLD) received from 23
2023/11/23 02:18:24 [notice] 1#1: worker process 23 exited with code 0
2023/11/23 02:18:24 [notice] 1#1: worker process 20 exited with code 0
2023/11/23 02:18:24 [notice] 1#1: worker process 24 exited with code 0
2023/11/23 02:18:24 [notice] 1#1: worker process 28 exited with code 0
2023/11/23 02:18:24 [notice] 1#1: worker process 31 exited with code 0
2023/11/23 02:18:24 [notice] 1#1: signal 29 (SIGIO) received
2023/11/23 02:18:24 [notice] 1#1: signal 17 (SIGCHLD) received from 24
2023/11/23 02:18:24 [notice] 1#1: worker process 30 exited with code 0
2023/11/23 02:18:24 [notice] 1#1: signal 29 (SIGIO) received
2023/11/23 02:18:24 [notice] 1#1: signal 17 (SIGCHLD) received from 30
2023/11/23 02:18:24 [notice] 1#1: signal 17 (SIGCHLD) received from 25
2023/11/23 02:18:24 [notice] 1#1: worker process 21 exited with code 0
2023/11/23 02:18:24 [notice] 1#1: worker process 25 exited with code 0
2023/11/23 02:18:24 [notice] 1#1: signal 29 (SIGIO) received
2023/11/23 02:18:24 [notice] 1#1: signal 17 (SIGCHLD) received from 21
2023/11/23 02:18:24 [notice] 1#1: worker process 22 exited with code 0
2023/11/23 02:18:24 [notice] 1#1: worker process 29 exited with code 0
2023/11/23 02:18:24 [notice] 1#1: signal 29 (SIGIO) received
2023/11/23 02:18:24 [notice] 1#1: signal 17 (SIGCHLD) received from 27
2023/11/23 02:18:24 [notice] 1#1: worker process 27 exited with code 0
2023/11/23 02:18:24 [notice] 1#1: signal 17 (SIGCHLD) received from 26
2023/11/23 02:18:24 [notice] 1#1: worker process 26 exited with code 0
2023/11/23 02:18:24 [notice] 1#1: exit
2023/11/23 02:18:36 [notice] 1#1: using the "epoll" event method
2023/11/23 02:18:36 [notice] 1#1: nginx/1.25.2
2023/11/23 02:18:36 [notice] 1#1: built by gcc 12.2.1 20220924 (Alpine 12.2.1_git20220924-r10) 
2023/11/23 02:18:36 [notice] 1#1: OS: Linux 6.2.0-36-generic
2023/11/23 02:18:36 [notice] 1#1: getrlimit(RLIMIT_NOFILE): 1048576:1048576
2023/11/23 02:18:36 [notice] 1#1: start worker processes
2023/11/23 02:18:36 [notice] 1#1: start worker process 20
2023/11/23 02:18:36 [notice] 1#1: start worker process 21
2023/11/23 02:18:36 [notice] 1#1: start worker process 22
2023/11/23 02:18:36 [notice] 1#1: start worker process 23
2023/11/23 02:18:36 [notice] 1#1: start worker process 24
2023/11/23 02:18:36 [notice] 1#1: start worker process 25
2023/11/23 02:18:36 [notice] 1#1: start worker process 26
2023/11/23 02:18:36 [notice] 1#1: start worker process 27
2023/11/23 02:18:36 [notice] 1#1: start worker process 28
2023/11/23 02:18:36 [notice] 1#1: start worker process 29
2023/11/23 02:18:36 [notice] 1#1: start worker process 30
2023/11/23 02:18:36 [notice] 1#1: start worker process 31
